Arguments: 
  C:\Program Files\nodejs\node.exe C:\Users\Minion-12\AppData\Roaming\npm\node_modules\yarn\bin\yarn.js add express

PATH: 
  C:\Python310\Scripts\;C:\Python310\;C:\Python39\Scripts\;C:\Python39\;C:\Program Files\Common Files\Oracle\Java\javapath;C:\Program Files (x86)\Common Files\Intel\Shared Libraries\redist\intel64\compiler;C:\Python37\Scripts\;C:\Python37\;C:\Program Files (x86)\Common Files\Oracle\Java\javapath;C:\WINDOWS\system32;C:\WINDOWS;C:\WINDOWS\System32\Wbem;C:\WINDOWS\System32\WindowsPowerShell\v1.0\;C:\WINDOWS\System32\OpenSSH\;C:\Program Files (x86)\Brackets\command;C:\ProgramData\chocolatey\bin;C:\Program Files (x86)\Java\jdk1.8.0_221\bin;C:\Program Files\Git\cmd;C:\Program Files\Java\jdk1.8.0_221;C:\Program Files\Java\jdk1.8.0_221\bin;C:\Program Files\nodejs\;C:\Users\Minion-12\AppData\Local\Microsoft\WindowsApps;C:\Users\Minion-12\AppData\Local\GitHubDesktop\bin;C:\Users\Minion-12\AppData\Local\Programs\Microsoft VS Code\bin;C:\Users\Minion-12\AppData\Roaming\npm

Yarn version: 
  1.22.18

Node version: 
  16.15.0

Platform: 
  win32 x64

Trace: 
  SyntaxError: C:\Users\Minion-12\Documents\GitHub\mobileapp\skeleton\package.json: Unexpected token } in JSON at position 491
      at JSON.parse (<anonymous>)
      at C:\Users\Minion-12\AppData\Roaming\npm\node_modules\yarn\lib\cli.js:1625:59
      at Generator.next (<anonymous>)
      at step (C:\Users\Minion-12\AppData\Roaming\npm\node_modules\yarn\lib\cli.js:310:30)
      at C:\Users\Minion-12\AppData\Roaming\npm\node_modules\yarn\lib\cli.js:321:13

npm manifest: 
  {
      "name": "socialappexample",
      "version": "1.0.0",
      "description": "An example of a social media app",
      "main": "index.js", 
      "author": "Mr Mack",
      "license": "MIT",
      "devDependencies": {
          "@babel/core": "^7.17.10",
          "@babel/preset-env": "^7.17.10",
          "babel-loader": "^8.2.5",
          "webpack": "^5.72.0",
          "webpack-cli": "^4.9.2",
          "webpack-node-externals": "^3.0.0"
      },
  
      "scripts": {
          "development": "nodemon"
      },
  }

yarn manifest: 
  No manifest

Lockfile: 
  
